# JRE version: OpenJDK Runtime Environment GraalVM CE 22.3.0 (17.0.5+8) (build 17.0.5+8-jvmci-22.3-b08)
# Java VM: OpenJDK 64-Bit Server VM GraalVM CE 22.3.0 (17.0.5+8-jvmci-22.3-b08, mixed mode, sharing, tiered, jvmci, jvmci compiler, compressed oops, compressed class ptrs, parallel gc, linux-amd64)
GC Precious Log:
 CPUs: 8 total, 1 available
 Memory: 1024M
 Large Page Support: Disabled
 NUMA Support: Disabled
 Compressed Oops: Enabled (32-bit)
 Alignments: Space 512K, Generation 512K, Heap 2M
 Heap Min Capacity: 100M
 Heap Initial Capacity: 100M
 Heap Max Capacity: 512M
 Pre-touch: Disabled
 Parallel Workers: 1
Heap:
 PSYoungGen      total 52736K, used 29184K [0x00000000f5580000, 0x00000000fa500000, 0x0000000100000000)
  eden space 29184K, 100% used [0x00000000f5580000,0x00000000f7200000,0x00000000f7200000)
  from space 23552K, 0% used [0x00000000f8e00000,0x00000000f8e00000,0x00000000fa500000)
  to   space 11776K, 0% used [0x00000000f7200000,0x00000000f7200000,0x00000000f7d80000)
 ParOldGen       total 349696K, used 349695K [0x00000000e0000000, 0x00000000f5580000, 0x00000000f5580000)
  object space 349696K, 99% used [0x00000000e0000000,0x00000000f557fff0,0x00000000f5580000)
 Metaspace       used 47929K, committed 48704K, reserved 1097728K
  class space    used 4762K, committed 5120K, reserved 1048576K
GC Heap History (20 events):
Event: 1166.459 GC heap before
{Heap before GC invocations=868 (full 792):
 PSYoungGen      total 52736K, used 29184K [0x00000000f5580000, 0x00000000fa500000, 0x0000000100000000)
  eden space 29184K, 100% used [0x00000000f5580000,0x00000000f7200000,0x00000000f7200000)
  from space 23552K, 0% used [0x00000000f8e00000,0x00000000f8e00000,0x00000000fa500000)
  to   space 11776K, 0% used [0x00000000f7200000,0x00000000f7200000,0x00000000f7d80000)
 ParOldGen       total 349696K, used 349695K [0x00000000e0000000, 0x00000000f5580000, 0x00000000f5580000)
  object space 349696K, 99% used [0x00000000e0000000,0x00000000f557fff8,0x00000000f5580000)
 Metaspace       used 47928K, committed 48704K, reserved 1097728K
  class space    used 4762K, committed 5120K, reserved 1048576K
}
Event: 1167.650 GC heap after
{Heap after GC invocations=868 (full 792):
 PSYoungGen      total 40960K, used 29184K [0x00000000f5580000, 0x00000000fa500000, 0x0000000100000000)
  eden space 29184K, 100% used [0x00000000f5580000,0x00000000f7200000,0x00000000f7200000)
  from space 11776K, 0% used [0x00000000f7200000,0x00000000f7200000,0x00000000f7d80000)
  to   space 23552K, 0% used [0x00000000f8e00000,0x00000000f8e00000,0x00000000fa500000)
 ParOldGen       total 349696K, used 349695K [0x00000000e0000000, 0x00000000f5580000, 0x00000000f5580000)
  object space 349696K, 99% used [0x00000000e0000000,0x00000000f557fff8,0x00000000f5580000)
 Metaspace       used 47928K, committed 48704K, reserved 1097728K
  class space    used 4762K, committed 5120K, reserved 1048576K
}
Event: 1167.650 GC heap before
{Heap before GC invocations=869 (full 793):
 PSYoungGen      total 40960K, used 29184K [0x00000000f5580000, 0x00000000fa500000, 0x0000000100000000)
  eden space 29184K, 100% used [0x00000000f5580000,0x00000000f7200000,0x00000000f7200000)
  from space 11776K, 0% used [0x00000000f7200000,0x00000000f7200000,0x00000000f7d80000)
  to   space 23552K, 0% used [0x00000000f8e00000,0x00000000f8e00000,0x00000000fa500000)
 ParOldGen       total 349696K, used 349695K [0x00000000e0000000, 0x00000000f5580000, 0x00000000f5580000)
  object space 349696K, 99% used [0x00000000e0000000,0x00000000f557fff8,0x00000000f5580000)
 Metaspace       used 47928K, committed 48704K, reserved 1097728K
  class space    used 4762K, committed 5120K, reserved 1048576K
}
Event: 1168.951 GC heap after
{Heap after GC invocations=869 (full 793):
 PSYoungGen      total 52736K, used 29184K [0x00000000f5580000, 0x00000000fa500000, 0x0000000100000000)
  eden space 29184K, 100% used [0x00000000f5580000,0x00000000f7200000,0x00000000f7200000)
  from space 23552K, 0% used [0x00000000f8e00000,0x00000000f8e00000,0x00000000fa500000)
  to   space 11776K, 0% used [0x00000000f7200000,0x00000000f7200000,0x00000000f7d80000)
 ParOldGen       total 349696K, used 349695K [0x00000000e0000000, 0x00000000f5580000, 0x00000000f5580000)
  object space 349696K, 99% used [0x00000000e0000000,0x00000000f557fff8,0x00000000f5580000)
 Metaspace       used 47928K, committed 48704K, reserved 1097728K
  class space    used 4762K, committed 5120K, reserved 1048576K
}
Event: 1168.951 GC heap before
{Heap before GC invocations=870 (full 794):
 PSYoungGen      total 52736K, used 29184K [0x00000000f5580000, 0x00000000fa500000, 0x0000000100000000)
  eden space 29184K, 100% used [0x00000000f5580000,0x00000000f7200000,0x00000000f7200000)
  from space 23552K, 0% used [0x00000000f8e00000,0x00000000f8e00000,0x00000000fa500000)
  to   space 11776K, 0% used [0x00000000f7200000,0x00000000f7200000,0x00000000f7d80000)
 ParOldGen       total 349696K, used 349695K [0x00000000e0000000, 0x00000000f5580000, 0x00000000f5580000)
  object space 349696K, 99% used [0x00000000e0000000,0x00000000f557fff8,0x00000000f5580000)
 Metaspace       used 47928K, committed 48704K, reserved 1097728K
  class space    used 4762K, committed 5120K, reserved 1048576K
}
Event: 1170.110 GC heap after
{Heap after GC invocations=870 (full 794):
 PSYoungGen      total 40960K, used 29184K [0x00000000f5580000, 0x00000000fa500000, 0x0000000100000000)
  eden space 29184K, 100% used [0x00000000f5580000,0x00000000f7200000,0x00000000f7200000)
  from space 11776K, 0% used [0x00000000f7200000,0x00000000f7200000,0x00000000f7d80000)
  to   space 23552K, 0% used [0x00000000f8e00000,0x00000000f8e00000,0x00000000fa500000)
 ParOldGen       total 349696K, used 349695K [0x00000000e0000000, 0x00000000f5580000, 0x00000000f5580000)
  object space 349696K, 99% used [0x00000000e0000000,0x00000000f557fff8,0x00000000f5580000)
 Metaspace       used 47928K, committed 48704K, reserved 1097728K
  class space    used 4762K, committed 5120K, reserved 1048576K
}
Event: 1170.110 GC heap before
{Heap before GC invocations=871 (full 795):
 PSYoungGen      total 40960K, used 29184K [0x00000000f5580000, 0x00000000fa500000, 0x0000000100000000)
  eden space 29184K, 100% used [0x00000000f5580000,0x00000000f7200000,0x00000000f7200000)
  from space 11776K, 0% used [0x00000000f7200000,0x00000000f7200000,0x00000000f7d80000)
  to   space 23552K, 0% used [0x00000000f8e00000,0x00000000f8e00000,0x00000000fa500000)
 ParOldGen       total 349696K, used 349695K [0x00000000e0000000, 0x00000000f5580000, 0x00000000f5580000)
  object space 349696K, 99% used [0x00000000e0000000,0x00000000f557fff8,0x00000000f5580000)
 Metaspace       used 47928K, committed 48704K, reserved 1097728K
  class space    used 4762K, committed 5120K, reserved 1048576K
}
Event: 1171.414 GC heap after
{Heap after GC invocations=871 (full 795):
 PSYoungGen      total 52736K, used 29184K [0x00000000f5580000, 0x00000000fa500000, 0x0000000100000000)
  eden space 29184K, 100% used [0x00000000f5580000,0x00000000f7200000,0x00000000f7200000)
  from space 23552K, 0% used [0x00000000f8e00000,0x00000000f8e00000,0x00000000fa500000)
  to   space 11776K, 0% used [0x00000000f7200000,0x00000000f7200000,0x00000000f7d80000)
 ParOldGen       total 349696K, used 349695K [0x00000000e0000000, 0x00000000f5580000, 0x00000000f5580000)
  object space 349696K, 99% used [0x00000000e0000000,0x00000000f557fff8,0x00000000f5580000)
 Metaspace       used 47928K, committed 48704K, reserved 1097728K
  class space    used 4762K, committed 5120K, reserved 1048576K
}
Event: 1171.415 GC heap before
{Heap before GC invocations=872 (full 796):
 PSYoungGen      total 52736K, used 29184K [0x00000000f5580000, 0x00000000fa500000, 0x0000000100000000)
  eden space 29184K, 100% used [0x00000000f5580000,0x00000000f7200000,0x00000000f7200000)
  from space 23552K, 0% used [0x00000000f8e00000,0x00000000f8e00000,0x00000000fa500000)
  to   space 11776K, 0% used [0x00000000f7200000,0x00000000f7200000,0x00000000f7d80000)
 ParOldGen       total 349696K, used 349695K [0x00000000e0000000, 0x00000000f5580000, 0x00000000f5580000)
  object space 349696K, 99% used [0x00000000e0000000,0x00000000f557fff8,0x00000000f5580000)
 Metaspace       used 47928K, committed 48704K, reserved 1097728K
  class space    used 4762K, committed 5120K, reserved 1048576K
}
Event: 1172.849 GC heap after
{Heap after GC invocations=872 (full 796):
 PSYoungGen      total 40960K, used 29184K [0x00000000f5580000, 0x00000000fa500000, 0x0000000100000000)
  eden space 29184K, 100% used [0x00000000f5580000,0x00000000f7200000,0x00000000f7200000)
  from space 11776K, 0% used [0x00000000f7200000,0x00000000f7200000,0x00000000f7d80000)
  to   space 23552K, 0% used [0x00000000f8e00000,0x00000000f8e00000,0x00000000fa500000)
 ParOldGen       total 349696K, used 349695K [0x00000000e0000000, 0x00000000f5580000, 0x00000000f5580000)
  object space 349696K, 99% used [0x00000000e0000000,0x00000000f557ffd8,0x00000000f5580000)
 Metaspace       used 47928K, committed 48704K, reserved 1097728K
  class space    used 4762K, committed 5120K, reserved 1048576K
}
Event: 1172.849 GC heap before
{Heap before GC invocations=873 (full 797):
 PSYoungGen      total 40960K, used 29184K [0x00000000f5580000, 0x00000000fa500000, 0x0000000100000000)
  eden space 29184K, 100% used [0x00000000f5580000,0x00000000f7200000,0x00000000f7200000)
  from space 11776K, 0% used [0x00000000f7200000,0x00000000f7200000,0x00000000f7d80000)
  to   space 23552K, 0% used [0x00000000f8e00000,0x00000000f8e00000,0x00000000fa500000)
 ParOldGen       total 349696K, used 349695K [0x00000000e0000000, 0x00000000f5580000, 0x00000000f5580000)
  object space 349696K, 99% used [0x00000000e0000000,0x00000000f557ffd8,0x00000000f5580000)
 Metaspace       used 47928K, committed 48704K, reserved 1097728K
  class space    used 4762K, committed 5120K, reserved 1048576K
}
Event: 1174.140 GC heap after
{Heap after GC invocations=873 (full 797):
 PSYoungGen      total 52736K, used 29184K [0x00000000f5580000, 0x00000000fa500000, 0x0000000100000000)
  eden space 29184K, 100% used [0x00000000f5580000,0x00000000f7200000,0x00000000f7200000)
  from space 23552K, 0% used [0x00000000f8e00000,0x00000000f8e00000,0x00000000fa500000)
  to   space 11776K, 0% used [0x00000000f7200000,0x00000000f7200000,0x00000000f7d80000)
 ParOldGen       total 349696K, used 349695K [0x00000000e0000000, 0x00000000f5580000, 0x00000000f5580000)
  object space 349696K, 99% used [0x00000000e0000000,0x00000000f557ffd8,0x00000000f5580000)
 Metaspace       used 47928K, committed 48704K, reserved 1097728K
  class space    used 4762K, committed 5120K, reserved 1048576K
}
Event: 1174.140 GC heap before
{Heap before GC invocations=874 (full 798):
 PSYoungGen      total 52736K, used 29184K [0x00000000f5580000, 0x00000000fa500000, 0x0000000100000000)
  eden space 29184K, 100% used [0x00000000f5580000,0x00000000f7200000,0x00000000f7200000)
  from space 23552K, 0% used [0x00000000f8e00000,0x00000000f8e00000,0x00000000fa500000)
  to   space 11776K, 0% used [0x00000000f7200000,0x00000000f7200000,0x00000000f7d80000)
 ParOldGen       total 349696K, used 349695K [0x00000000e0000000, 0x00000000f5580000, 0x00000000f5580000)
  object space 349696K, 99% used [0x00000000e0000000,0x00000000f557fff0,0x00000000f5580000)
 Metaspace       used 47929K, committed 48704K, reserved 1097728K
  class space    used 4762K, committed 5120K, reserved 1048576K
}
Event: 1175.450 GC heap after
{Heap after GC invocations=874 (full 798):
 PSYoungGen      total 40960K, used 29184K [0x00000000f5580000, 0x00000000fa500000, 0x0000000100000000)
  eden space 29184K, 100% used [0x00000000f5580000,0x00000000f7200000,0x00000000f7200000)
  from space 11776K, 0% used [0x00000000f7200000,0x00000000f7200000,0x00000000f7d80000)
  to   space 23552K, 0% used [0x00000000f8e00000,0x00000000f8e00000,0x00000000fa500000)
 ParOldGen       total 349696K, used 349695K [0x00000000e0000000, 0x00000000f5580000, 0x00000000f5580000)
  object space 349696K, 99% used [0x00000000e0000000,0x00000000f557fff0,0x00000000f5580000)
 Metaspace       used 47929K, committed 48704K, reserved 1097728K
  class space    used 4762K, committed 5120K, reserved 1048576K
}
Event: 1175.450 GC heap before
{Heap before GC invocations=875 (full 799):
 PSYoungGen      total 40960K, used 29184K [0x00000000f5580000, 0x00000000fa500000, 0x0000000100000000)
  eden space 29184K, 100% used [0x00000000f5580000,0x00000000f7200000,0x00000000f7200000)
  from space 11776K, 0% used [0x00000000f7200000,0x00000000f7200000,0x00000000f7d80000)
  to   space 23552K, 0% used [0x00000000f8e00000,0x00000000f8e00000,0x00000000fa500000)
 ParOldGen       total 349696K, used 349695K [0x00000000e0000000, 0x00000000f5580000, 0x00000000f5580000)
  object space 349696K, 99% used [0x00000000e0000000,0x00000000f557fff0,0x00000000f5580000)
 Metaspace       used 47929K, committed 48704K, reserved 1097728K
  class space    used 4762K, committed 5120K, reserved 1048576K
}
Event: 1176.714 GC heap after
{Heap after GC invocations=875 (full 799):
 PSYoungGen      total 52736K, used 29184K [0x00000000f5580000, 0x00000000fa500000, 0x0000000100000000)
  eden space 29184K, 100% used [0x00000000f5580000,0x00000000f7200000,0x00000000f7200000)
  from space 23552K, 0% used [0x00000000f8e00000,0x00000000f8e00000,0x00000000fa500000)
  to   space 11776K, 0% used [0x00000000f7200000,0x00000000f7200000,0x00000000f7d80000)
 ParOldGen       total 349696K, used 349695K [0x00000000e0000000, 0x00000000f5580000, 0x00000000f5580000)
  object space 349696K, 99% used [0x00000000e0000000,0x00000000f557fff0,0x00000000f5580000)
 Metaspace       used 47929K, committed 48704K, reserved 1097728K
  class space    used 4762K, committed 5120K, reserved 1048576K
}
Event: 1176.720 GC heap before
{Heap before GC invocations=876 (full 800):
 PSYoungGen      total 52736K, used 29184K [0x00000000f5580000, 0x00000000fa500000, 0x0000000100000000)
  eden space 29184K, 100% used [0x00000000f5580000,0x00000000f7200000,0x00000000f7200000)
  from space 23552K, 0% used [0x00000000f8e00000,0x00000000f8e00000,0x00000000fa500000)
  to   space 11776K, 0% used [0x00000000f7200000,0x00000000f7200000,0x00000000f7d80000)
 ParOldGen       total 349696K, used 349695K [0x00000000e0000000, 0x00000000f5580000, 0x00000000f5580000)
  object space 349696K, 99% used [0x00000000e0000000,0x00000000f557fff0,0x00000000f5580000)
 Metaspace       used 47929K, committed 48704K, reserved 1097728K
  class space    used 4762K, committed 5120K, reserved 1048576K
}
Event: 1178.109 GC heap after
{Heap after GC invocations=876 (full 800):
 PSYoungGen      total 40960K, used 29184K [0x00000000f5580000, 0x00000000fa500000, 0x0000000100000000)
  eden space 29184K, 100% used [0x00000000f5580000,0x00000000f7200000,0x00000000f7200000)
  from space 11776K, 0% used [0x00000000f7200000,0x00000000f7200000,0x00000000f7d80000)
  to   space 23552K, 0% used [0x00000000f8e00000,0x00000000f8e00000,0x00000000fa500000)
 ParOldGen       total 349696K, used 349695K [0x00000000e0000000, 0x00000000f5580000, 0x00000000f5580000)
  object space 349696K, 99% used [0x00000000e0000000,0x00000000f557fff0,0x00000000f5580000)
 Metaspace       used 47929K, committed 48704K, reserved 1097728K
  class space    used 4762K, committed 5120K, reserved 1048576K
}
Event: 1178.109 GC heap before
{Heap before GC invocations=877 (full 801):
 PSYoungGen      total 40960K, used 29184K [0x00000000f5580000, 0x00000000fa500000, 0x0000000100000000)
  eden space 29184K, 100% used [0x00000000f5580000,0x00000000f7200000,0x00000000f7200000)
  from space 11776K, 0% used [0x00000000f7200000,0x00000000f7200000,0x00000000f7d80000)
  to   space 23552K, 0% used [0x00000000f8e00000,0x00000000f8e00000,0x00000000fa500000)
 ParOldGen       total 349696K, used 349695K [0x00000000e0000000, 0x00000000f5580000, 0x00000000f5580000)
  object space 349696K, 99% used [0x00000000e0000000,0x00000000f557fff0,0x00000000f5580000)
 Metaspace       used 47929K, committed 48704K, reserved 1097728K
  class space    used 4762K, committed 5120K, reserved 1048576K
}
Event: 1179.324 GC heap after
{Heap after GC invocations=877 (full 801):
 PSYoungGen      total 52736K, used 29184K [0x00000000f5580000, 0x00000000fa500000, 0x0000000100000000)
  eden space 29184K, 100% used [0x00000000f5580000,0x00000000f7200000,0x00000000f7200000)
  from space 23552K, 0% used [0x00000000f8e00000,0x00000000f8e00000,0x00000000fa500000)
  to   space 11776K, 0% used [0x00000000f7200000,0x00000000f7200000,0x00000000f7d80000)
 ParOldGen       total 349696K, used 349695K [0x00000000e0000000, 0x00000000f5580000, 0x00000000f5580000)
  object space 349696K, 99% used [0x00000000e0000000,0x00000000f557fff0,0x00000000f5580000)
 Metaspace       used 47929K, committed 48704K, reserved 1097728K
  class space    used 4762K, committed 5120K, reserved 1048576K
}

