# JRE version: OpenJDK Runtime Environment GraalVM CE 22.3.0 (17.0.5+8) (build 17.0.5+8-jvmci-22.3-b08)
# Java VM: OpenJDK 64-Bit Server VM GraalVM CE 22.3.0 (17.0.5+8-jvmci-22.3-b08, mixed mode, sharing, tiered, jvmci, jvmci compiler, compressed oops, compressed class ptrs, parallel gc, linux-amd64)
GC Precious Log:
 CPUs: 8 total, 1 available
 Memory: 1024M
 Large Page Support: Disabled
 NUMA Support: Disabled
 Compressed Oops: Enabled (32-bit)
 Alignments: Space 512K, Generation 512K, Heap 2M
 Heap Min Capacity: 100M
 Heap Initial Capacity: 100M
 Heap Max Capacity: 512M
 Pre-touch: Disabled
 Parallel Workers: 1
Heap:
 PSYoungGen      total 34304K, used 24575K [0x00000000f5580000, 0x00000000f8380000, 0x0000000100000000)
  eden space 24576K, 99% used [0x00000000f5580000,0x00000000f6d7fff8,0x00000000f6d80000)
  from space 9728K, 0% used [0x00000000f7a00000,0x00000000f7a00000,0x00000000f8380000)
  to   space 11264K, 0% used [0x00000000f6d80000,0x00000000f6d80000,0x00000000f7880000)
 ParOldGen       total 349696K, used 349694K [0x00000000e0000000, 0x00000000f5580000, 0x00000000f5580000)
  object space 349696K, 99% used [0x00000000e0000000,0x00000000f557fb88,0x00000000f5580000)
 Metaspace       used 54149K, committed 55040K, reserved 1105920K
  class space    used 5430K, committed 5824K, reserved 1048576K
GC Heap History (20 events):
Event: 438.420 GC heap before
{Heap before GC invocations=454 (full 341):
 PSYoungGen      total 34304K, used 24575K [0x00000000f5580000, 0x00000000f8380000, 0x0000000100000000)
  eden space 24576K, 99% used [0x00000000f5580000,0x00000000f6d7fff8,0x00000000f6d80000)
  from space 9728K, 0% used [0x00000000f7a00000,0x00000000f7a00000,0x00000000f8380000)
  to   space 11264K, 0% used [0x00000000f6d80000,0x00000000f6d80000,0x00000000f7880000)
 ParOldGen       total 349696K, used 349695K [0x00000000e0000000, 0x00000000f5580000, 0x00000000f5580000)
  object space 349696K, 99% used [0x00000000e0000000,0x00000000f557ffd8,0x00000000f5580000)
 Metaspace       used 54149K, committed 55040K, reserved 1105920K
  class space    used 5430K, committed 5824K, reserved 1048576K
}
Event: 439.719 GC heap after
{Heap after GC invocations=454 (full 341):
 PSYoungGen      total 35840K, used 24575K [0x00000000f5580000, 0x00000000f8380000, 0x0000000100000000)
  eden space 24576K, 99% used [0x00000000f5580000,0x00000000f6d7ff80,0x00000000f6d80000)
  from space 11264K, 0% used [0x00000000f6d80000,0x00000000f6d80000,0x00000000f7880000)
  to   space 9728K, 0% used [0x00000000f7a00000,0x00000000f7a00000,0x00000000f8380000)
 ParOldGen       total 349696K, used 349688K [0x00000000e0000000, 0x00000000f5580000, 0x00000000f5580000)
  object space 349696K, 99% used [0x00000000e0000000,0x00000000f557e1a8,0x00000000f5580000)
 Metaspace       used 54149K, committed 55040K, reserved 1105920K
  class space    used 5430K, committed 5824K, reserved 1048576K
}
Event: 439.721 GC heap before
{Heap before GC invocations=455 (full 342):
 PSYoungGen      total 35840K, used 24575K [0x00000000f5580000, 0x00000000f8380000, 0x0000000100000000)
  eden space 24576K, 99% used [0x00000000f5580000,0x00000000f6d7fff8,0x00000000f6d80000)
  from space 11264K, 0% used [0x00000000f6d80000,0x00000000f6d80000,0x00000000f7880000)
  to   space 9728K, 0% used [0x00000000f7a00000,0x00000000f7a00000,0x00000000f8380000)
 ParOldGen       total 349696K, used 349688K [0x00000000e0000000, 0x00000000f5580000, 0x00000000f5580000)
  object space 349696K, 99% used [0x00000000e0000000,0x00000000f557e1a8,0x00000000f5580000)
 Metaspace       used 54149K, committed 55040K, reserved 1105920K
  class space    used 5430K, committed 5824K, reserved 1048576K
}
Event: 440.871 GC heap after
{Heap after GC invocations=455 (full 342):
 PSYoungGen      total 34304K, used 24575K [0x00000000f5580000, 0x00000000f8380000, 0x0000000100000000)
  eden space 24576K, 99% used [0x00000000f5580000,0x00000000f6d7fff8,0x00000000f6d80000)
  from space 9728K, 0% used [0x00000000f7a00000,0x00000000f7a00000,0x00000000f8380000)
  to   space 11264K, 0% used [0x00000000f6d80000,0x00000000f6d80000,0x00000000f7880000)
 ParOldGen       total 349696K, used 349688K [0x00000000e0000000, 0x00000000f5580000, 0x00000000f5580000)
  object space 349696K, 99% used [0x00000000e0000000,0x00000000f557e1a8,0x00000000f5580000)
 Metaspace       used 54149K, committed 55040K, reserved 1105920K
  class space    used 5430K, committed 5824K, reserved 1048576K
}
Event: 440.872 GC heap before
{Heap before GC invocations=456 (full 343):
 PSYoungGen      total 34304K, used 24575K [0x00000000f5580000, 0x00000000f8380000, 0x0000000100000000)
  eden space 24576K, 99% used [0x00000000f5580000,0x00000000f6d7fff8,0x00000000f6d80000)
  from space 9728K, 0% used [0x00000000f7a00000,0x00000000f7a00000,0x00000000f8380000)
  to   space 11264K, 0% used [0x00000000f6d80000,0x00000000f6d80000,0x00000000f7880000)
 ParOldGen       total 349696K, used 349692K [0x00000000e0000000, 0x00000000f5580000, 0x00000000f5580000)
  object space 349696K, 99% used [0x00000000e0000000,0x00000000f557f2c8,0x00000000f5580000)
 Metaspace       used 54149K, committed 55040K, reserved 1105920K
  class space    used 5430K, committed 5824K, reserved 1048576K
}
Event: 441.877 GC heap after
{Heap after GC invocations=456 (full 343):
 PSYoungGen      total 35840K, used 24575K [0x00000000f5580000, 0x00000000f8380000, 0x0000000100000000)
  eden space 24576K, 99% used [0x00000000f5580000,0x00000000f6d7ffe0,0x00000000f6d80000)
  from space 11264K, 0% used [0x00000000f6d80000,0x00000000f6d80000,0x00000000f7880000)
  to   space 9728K, 0% used [0x00000000f7a00000,0x00000000f7a00000,0x00000000f8380000)
 ParOldGen       total 349696K, used 349691K [0x00000000e0000000, 0x00000000f5580000, 0x00000000f5580000)
  object space 349696K, 99% used [0x00000000e0000000,0x00000000f557eee8,0x00000000f5580000)
 Metaspace       used 54149K, committed 55040K, reserved 1105920K
  class space    used 5430K, committed 5824K, reserved 1048576K
}
Event: 441.879 GC heap before
{Heap before GC invocations=457 (full 344):
 PSYoungGen      total 35840K, used 24576K [0x00000000f5580000, 0x00000000f8380000, 0x0000000100000000)
  eden space 24576K, 100% used [0x00000000f5580000,0x00000000f6d80000,0x00000000f6d80000)
  from space 11264K, 0% used [0x00000000f6d80000,0x00000000f6d80000,0x00000000f7880000)
  to   space 9728K, 0% used [0x00000000f7a00000,0x00000000f7a00000,0x00000000f8380000)
 ParOldGen       total 349696K, used 349691K [0x00000000e0000000, 0x00000000f5580000, 0x00000000f5580000)
  object space 349696K, 99% used [0x00000000e0000000,0x00000000f557eee8,0x00000000f5580000)
 Metaspace       used 54149K, committed 55040K, reserved 1105920K
  class space    used 5430K, committed 5824K, reserved 1048576K
}
Event: 442.981 GC heap after
{Heap after GC invocations=457 (full 344):
 PSYoungGen      total 34304K, used 24575K [0x00000000f5580000, 0x00000000f8380000, 0x0000000100000000)
  eden space 24576K, 99% used [0x00000000f5580000,0x00000000f6d7ffe0,0x00000000f6d80000)
  from space 9728K, 0% used [0x00000000f7a00000,0x00000000f7a00000,0x00000000f8380000)
  to   space 11264K, 0% used [0x00000000f6d80000,0x00000000f6d80000,0x00000000f7880000)
 ParOldGen       total 349696K, used 349691K [0x00000000e0000000, 0x00000000f5580000, 0x00000000f5580000)
  object space 349696K, 99% used [0x00000000e0000000,0x00000000f557eee8,0x00000000f5580000)
 Metaspace       used 54149K, committed 55040K, reserved 1105920K
  class space    used 5430K, committed 5824K, reserved 1048576K
}
Event: 442.981 GC heap before
{Heap before GC invocations=458 (full 345):
 PSYoungGen      total 34304K, used 24576K [0x00000000f5580000, 0x00000000f8380000, 0x0000000100000000)
  eden space 24576K, 100% used [0x00000000f5580000,0x00000000f6d80000,0x00000000f6d80000)
  from space 9728K, 0% used [0x00000000f7a00000,0x00000000f7a00000,0x00000000f8380000)
  to   space 11264K, 0% used [0x00000000f6d80000,0x00000000f6d80000,0x00000000f7880000)
 ParOldGen       total 349696K, used 349691K [0x00000000e0000000, 0x00000000f5580000, 0x00000000f5580000)
  object space 349696K, 99% used [0x00000000e0000000,0x00000000f557eee8,0x00000000f5580000)
 Metaspace       used 54149K, committed 55040K, reserved 1105920K
  class space    used 5430K, committed 5824K, reserved 1048576K
}
Event: 444.082 GC heap after
{Heap after GC invocations=458 (full 345):
 PSYoungGen      total 35840K, used 24575K [0x00000000f5580000, 0x00000000f8380000, 0x0000000100000000)
  eden space 24576K, 99% used [0x00000000f5580000,0x00000000f6d7ffe0,0x00000000f6d80000)
  from space 11264K, 0% used [0x00000000f6d80000,0x00000000f6d80000,0x00000000f7880000)
  to   space 9728K, 0% used [0x00000000f7a00000,0x00000000f7a00000,0x00000000f8380000)
 ParOldGen       total 349696K, used 349691K [0x00000000e0000000, 0x00000000f5580000, 0x00000000f5580000)
  object space 349696K, 99% used [0x00000000e0000000,0x00000000f557eee8,0x00000000f5580000)
 Metaspace       used 54149K, committed 55040K, reserved 1105920K
  class space    used 5430K, committed 5824K, reserved 1048576K
}
Event: 444.082 GC heap before
{Heap before GC invocations=459 (full 346):
 PSYoungGen      total 35840K, used 24575K [0x00000000f5580000, 0x00000000f8380000, 0x0000000100000000)
  eden space 24576K, 99% used [0x00000000f5580000,0x00000000f6d7fff0,0x00000000f6d80000)
  from space 11264K, 0% used [0x00000000f6d80000,0x00000000f6d80000,0x00000000f7880000)
  to   space 9728K, 0% used [0x00000000f7a00000,0x00000000f7a00000,0x00000000f8380000)
 ParOldGen       total 349696K, used 349691K [0x00000000e0000000, 0x00000000f5580000, 0x00000000f5580000)
  object space 349696K, 99% used [0x00000000e0000000,0x00000000f557eee8,0x00000000f5580000)
 Metaspace       used 54149K, committed 55040K, reserved 1105920K
  class space    used 5430K, committed 5824K, reserved 1048576K
}
Event: 445.189 GC heap after
{Heap after GC invocations=459 (full 346):
 PSYoungGen      total 34304K, used 24575K [0x00000000f5580000, 0x00000000f8380000, 0x0000000100000000)
  eden space 24576K, 99% used [0x00000000f5580000,0x00000000f6d7fff0,0x00000000f6d80000)
  from space 9728K, 0% used [0x00000000f7a00000,0x00000000f7a00000,0x00000000f8380000)
  to   space 11264K, 0% used [0x00000000f6d80000,0x00000000f6d80000,0x00000000f7880000)
 ParOldGen       total 349696K, used 349691K [0x00000000e0000000, 0x00000000f5580000, 0x00000000f5580000)
  object space 349696K, 99% used [0x00000000e0000000,0x00000000f557eea8,0x00000000f5580000)
 Metaspace       used 54149K, committed 55040K, reserved 1105920K
  class space    used 5430K, committed 5824K, reserved 1048576K
}
Event: 445.190 GC heap before
{Heap before GC invocations=460 (full 347):
 PSYoungGen      total 34304K, used 24575K [0x00000000f5580000, 0x00000000f8380000, 0x0000000100000000)
  eden space 24576K, 99% used [0x00000000f5580000,0x00000000f6d7fff0,0x00000000f6d80000)
  from space 9728K, 0% used [0x00000000f7a00000,0x00000000f7a00000,0x00000000f8380000)
  to   space 11264K, 0% used [0x00000000f6d80000,0x00000000f6d80000,0x00000000f7880000)
 ParOldGen       total 349696K, used 349693K [0x00000000e0000000, 0x00000000f5580000, 0x00000000f5580000)
  object space 349696K, 99% used [0x00000000e0000000,0x00000000f557f5b8,0x00000000f5580000)
 Metaspace       used 54149K, committed 55040K, reserved 1105920K
  class space    used 5430K, committed 5824K, reserved 1048576K
}
Event: 446.383 GC heap after
{Heap after GC invocations=460 (full 347):
 PSYoungGen      total 35840K, used 24575K [0x00000000f5580000, 0x00000000f8380000, 0x0000000100000000)
  eden space 24576K, 99% used [0x00000000f5580000,0x00000000f6d7ff60,0x00000000f6d80000)
  from space 11264K, 0% used [0x00000000f6d80000,0x00000000f6d80000,0x00000000f7880000)
  to   space 9728K, 0% used [0x00000000f7a00000,0x00000000f7a00000,0x00000000f8380000)
 ParOldGen       total 349696K, used 349693K [0x00000000e0000000, 0x00000000f5580000, 0x00000000f5580000)
  object space 349696K, 99% used [0x00000000e0000000,0x00000000f557f558,0x00000000f5580000)
 Metaspace       used 54149K, committed 55040K, reserved 1105920K
  class space    used 5430K, committed 5824K, reserved 1048576K
}
Event: 446.387 GC heap before
{Heap before GC invocations=461 (full 348):
 PSYoungGen      total 35840K, used 24575K [0x00000000f5580000, 0x00000000f8380000, 0x0000000100000000)
  eden space 24576K, 99% used [0x00000000f5580000,0x00000000f6d7fff0,0x00000000f6d80000)
  from space 11264K, 0% used [0x00000000f6d80000,0x00000000f6d80000,0x00000000f7880000)
  to   space 9728K, 0% used [0x00000000f7a00000,0x00000000f7a00000,0x00000000f8380000)
 ParOldGen       total 349696K, used 349693K [0x00000000e0000000, 0x00000000f5580000, 0x00000000f5580000)
  object space 349696K, 99% used [0x00000000e0000000,0x00000000f557f558,0x00000000f5580000)
 Metaspace       used 54149K, committed 55040K, reserved 1105920K
  class space    used 5430K, committed 5824K, reserved 1048576K
}
Event: 447.522 GC heap after
{Heap after GC invocations=461 (full 348):
 PSYoungGen      total 34304K, used 24575K [0x00000000f5580000, 0x00000000f8380000, 0x0000000100000000)
  eden space 24576K, 99% used [0x00000000f5580000,0x00000000f6d7fff0,0x00000000f6d80000)
  from space 9728K, 0% used [0x00000000f7a00000,0x00000000f7a00000,0x00000000f8380000)
  to   space 11264K, 0% used [0x00000000f6d80000,0x00000000f6d80000,0x00000000f7880000)
 ParOldGen       total 349696K, used 349693K [0x00000000e0000000, 0x00000000f5580000, 0x00000000f5580000)
  object space 349696K, 99% used [0x00000000e0000000,0x00000000f557f558,0x00000000f5580000)
 Metaspace       used 54149K, committed 55040K, reserved 1105920K
  class space    used 5430K, committed 5824K, reserved 1048576K
}
Event: 447.523 GC heap before
{Heap before GC invocations=462 (full 349):
 PSYoungGen      total 34304K, used 24576K [0x00000000f5580000, 0x00000000f8380000, 0x0000000100000000)
  eden space 24576K, 100% used [0x00000000f5580000,0x00000000f6d80000,0x00000000f6d80000)
  from space 9728K, 0% used [0x00000000f7a00000,0x00000000f7a00000,0x00000000f8380000)
  to   space 11264K, 0% used [0x00000000f6d80000,0x00000000f6d80000,0x00000000f7880000)
 ParOldGen       total 349696K, used 349694K [0x00000000e0000000, 0x00000000f5580000, 0x00000000f5580000)
  object space 349696K, 99% used [0x00000000e0000000,0x00000000f557fb38,0x00000000f5580000)
 Metaspace       used 54149K, committed 55040K, reserved 1105920K
  class space    used 5430K, committed 5824K, reserved 1048576K
}
Event: 448.774 GC heap after
{Heap after GC invocations=462 (full 349):
 PSYoungGen      total 35840K, used 24575K [0x00000000f5580000, 0x00000000f8380000, 0x0000000100000000)
  eden space 24576K, 99% used [0x00000000f5580000,0x00000000f6d7ffe0,0x00000000f6d80000)
  from space 11264K, 0% used [0x00000000f6d80000,0x00000000f6d80000,0x00000000f7880000)
  to   space 9728K, 0% used [0x00000000f7a00000,0x00000000f7a00000,0x00000000f8380000)
 ParOldGen       total 349696K, used 349693K [0x00000000e0000000, 0x00000000f5580000, 0x00000000f5580000)
  object space 349696K, 99% used [0x00000000e0000000,0x00000000f557f780,0x00000000f5580000)
 Metaspace       used 54149K, committed 55040K, reserved 1105920K
  class space    used 5430K, committed 5824K, reserved 1048576K
}
Event: 448.774 GC heap before
{Heap before GC invocations=463 (full 350):
 PSYoungGen      total 35840K, used 24575K [0x00000000f5580000, 0x00000000f8380000, 0x0000000100000000)
  eden space 24576K, 99% used [0x00000000f5580000,0x00000000f6d7ffe0,0x00000000f6d80000)
  from space 11264K, 0% used [0x00000000f6d80000,0x00000000f6d80000,0x00000000f7880000)
  to   space 9728K, 0% used [0x00000000f7a00000,0x00000000f7a00000,0x00000000f8380000)
 ParOldGen       total 349696K, used 349693K [0x00000000e0000000, 0x00000000f5580000, 0x00000000f5580000)
  object space 349696K, 99% used [0x00000000e0000000,0x00000000f557f780,0x00000000f5580000)
 Metaspace       used 54149K, committed 55040K, reserved 1105920K
  class space    used 5430K, committed 5824K, reserved 1048576K
}
Event: 449.806 GC heap after
{Heap after GC invocations=463 (full 350):
 PSYoungGen      total 34304K, used 24575K [0x00000000f5580000, 0x00000000f8380000, 0x0000000100000000)
  eden space 24576K, 99% used [0x00000000f5580000,0x00000000f6d7ffe0,0x00000000f6d80000)
  from space 9728K, 0% used [0x00000000f7a00000,0x00000000f7a00000,0x00000000f8380000)
  to   space 11264K, 0% used [0x00000000f6d80000,0x00000000f6d80000,0x00000000f7880000)
 ParOldGen       total 349696K, used 349693K [0x00000000e0000000, 0x00000000f5580000, 0x00000000f5580000)
  object space 349696K, 99% used [0x00000000e0000000,0x00000000f557f780,0x00000000f5580000)
 Metaspace       used 54149K, committed 55040K, reserved 1105920K
  class space    used 5430K, committed 5824K, reserved 1048576K
}

