# JRE version: OpenJDK Runtime Environment GraalVM CE 22.3.0 (17.0.5+8) (build 17.0.5+8-jvmci-22.3-b08)
# Java VM: OpenJDK 64-Bit Server VM GraalVM CE 22.3.0 (17.0.5+8-jvmci-22.3-b08, mixed mode, sharing, tiered, jvmci, jvmci compiler, compressed oops, compressed class ptrs, parallel gc, linux-amd64)
GC Precious Log:
 CPUs: 8 total, 1 available
 Memory: 1024M
 Large Page Support: Disabled
 NUMA Support: Disabled
 Compressed Oops: Enabled (32-bit)
 Alignments: Space 512K, Generation 512K, Heap 2M
 Heap Min Capacity: 100M
 Heap Initial Capacity: 100M
 Heap Max Capacity: 512M
 Pre-touch: Disabled
 Parallel Workers: 1
Heap:
 PSYoungGen      total 38400K, used 27136K [0x00000000f5580000, 0x00000000f8500000, 0x0000000100000000)
  eden space 27136K, 100% used [0x00000000f5580000,0x00000000f7000000,0x00000000f7000000)
  from space 11264K, 0% used [0x00000000f7000000,0x00000000f7000000,0x00000000f7b00000)
  to   space 8192K, 0% used [0x00000000f7d00000,0x00000000f7d00000,0x00000000f8500000)
 ParOldGen       total 349696K, used 349695K [0x00000000e0000000, 0x00000000f5580000, 0x00000000f5580000)
  object space 349696K, 99% used [0x00000000e0000000,0x00000000f557ff40,0x00000000f5580000)
 Metaspace       used 56565K, committed 57344K, reserved 1105920K
  class space    used 5608K, committed 5952K, reserved 1048576K
GC Heap History (20 events):
Event: 1025.065 GC heap before
{Heap before GC invocations=844 (full 748):
 PSYoungGen      total 38400K, used 27135K [0x00000000f5580000, 0x00000000f8500000, 0x0000000100000000)
  eden space 27136K, 99% used [0x00000000f5580000,0x00000000f6fffff8,0x00000000f7000000)
  from space 11264K, 0% used [0x00000000f7000000,0x00000000f7000000,0x00000000f7b00000)
  to   space 8192K, 0% used [0x00000000f7d00000,0x00000000f7d00000,0x00000000f8500000)
 ParOldGen       total 349696K, used 349690K [0x00000000e0000000, 0x00000000f5580000, 0x00000000f5580000)
  object space 349696K, 99% used [0x00000000e0000000,0x00000000f557e988,0x00000000f5580000)
 Metaspace       used 56563K, committed 57344K, reserved 1105920K
  class space    used 5608K, committed 5952K, reserved 1048576K
}
Event: 1026.338 GC heap after
{Heap after GC invocations=844 (full 748):
 PSYoungGen      total 35328K, used 27135K [0x00000000f5580000, 0x00000000f8500000, 0x0000000100000000)
  eden space 27136K, 99% used [0x00000000f5580000,0x00000000f6fffff8,0x00000000f7000000)
  from space 8192K, 0% used [0x00000000f7d00000,0x00000000f7d00000,0x00000000f8500000)
  to   space 11264K, 0% used [0x00000000f7000000,0x00000000f7000000,0x00000000f7b00000)
 ParOldGen       total 349696K, used 349690K [0x00000000e0000000, 0x00000000f5580000, 0x00000000f5580000)
  object space 349696K, 99% used [0x00000000e0000000,0x00000000f557e988,0x00000000f5580000)
 Metaspace       used 56563K, committed 57344K, reserved 1105920K
  class space    used 5608K, committed 5952K, reserved 1048576K
}
Event: 1026.339 GC heap before
{Heap before GC invocations=845 (full 749):
 PSYoungGen      total 35328K, used 27135K [0x00000000f5580000, 0x00000000f8500000, 0x0000000100000000)
  eden space 27136K, 99% used [0x00000000f5580000,0x00000000f6fffff8,0x00000000f7000000)
  from space 8192K, 0% used [0x00000000f7d00000,0x00000000f7d00000,0x00000000f8500000)
  to   space 11264K, 0% used [0x00000000f7000000,0x00000000f7000000,0x00000000f7b00000)
 ParOldGen       total 349696K, used 349692K [0x00000000e0000000, 0x00000000f5580000, 0x00000000f5580000)
  object space 349696K, 99% used [0x00000000e0000000,0x00000000f557f260,0x00000000f5580000)
 Metaspace       used 56563K, committed 57344K, reserved 1105920K
  class space    used 5608K, committed 5952K, reserved 1048576K
}
Event: 1027.588 GC heap after
{Heap after GC invocations=845 (full 749):
 PSYoungGen      total 38400K, used 27135K [0x00000000f5580000, 0x00000000f8500000, 0x0000000100000000)
  eden space 27136K, 99% used [0x00000000f5580000,0x00000000f6ffff18,0x00000000f7000000)
  from space 11264K, 0% used [0x00000000f7000000,0x00000000f7000000,0x00000000f7b00000)
  to   space 8192K, 0% used [0x00000000f7d00000,0x00000000f7d00000,0x00000000f8500000)
 ParOldGen       total 349696K, used 349692K [0x00000000e0000000, 0x00000000f5580000, 0x00000000f5580000)
  object space 349696K, 99% used [0x00000000e0000000,0x00000000f557f140,0x00000000f5580000)
 Metaspace       used 56563K, committed 57344K, reserved 1105920K
  class space    used 5608K, committed 5952K, reserved 1048576K
}
Event: 1027.591 GC heap before
{Heap before GC invocations=846 (full 750):
 PSYoungGen      total 38400K, used 27136K [0x00000000f5580000, 0x00000000f8500000, 0x0000000100000000)
  eden space 27136K, 100% used [0x00000000f5580000,0x00000000f7000000,0x00000000f7000000)
  from space 11264K, 0% used [0x00000000f7000000,0x00000000f7000000,0x00000000f7b00000)
  to   space 8192K, 0% used [0x00000000f7d00000,0x00000000f7d00000,0x00000000f8500000)
 ParOldGen       total 349696K, used 349692K [0x00000000e0000000, 0x00000000f5580000, 0x00000000f5580000)
  object space 349696K, 99% used [0x00000000e0000000,0x00000000f557f140,0x00000000f5580000)
 Metaspace       used 56563K, committed 57344K, reserved 1105920K
  class space    used 5608K, committed 5952K, reserved 1048576K
}
Event: 1028.848 GC heap after
{Heap after GC invocations=846 (full 750):
 PSYoungGen      total 35328K, used 27136K [0x00000000f5580000, 0x00000000f8500000, 0x0000000100000000)
  eden space 27136K, 100% used [0x00000000f5580000,0x00000000f7000000,0x00000000f7000000)
  from space 8192K, 0% used [0x00000000f7d00000,0x00000000f7d00000,0x00000000f8500000)
  to   space 11264K, 0% used [0x00000000f7000000,0x00000000f7000000,0x00000000f7b00000)
 ParOldGen       total 349696K, used 349692K [0x00000000e0000000, 0x00000000f5580000, 0x00000000f5580000)
  object space 349696K, 99% used [0x00000000e0000000,0x00000000f557f100,0x00000000f5580000)
 Metaspace       used 56563K, committed 57344K, reserved 1105920K
  class space    used 5608K, committed 5952K, reserved 1048576K
}
Event: 1028.848 GC heap before
{Heap before GC invocations=847 (full 751):
 PSYoungGen      total 35328K, used 27136K [0x00000000f5580000, 0x00000000f8500000, 0x0000000100000000)
  eden space 27136K, 100% used [0x00000000f5580000,0x00000000f7000000,0x00000000f7000000)
  from space 8192K, 0% used [0x00000000f7d00000,0x00000000f7d00000,0x00000000f8500000)
  to   space 11264K, 0% used [0x00000000f7000000,0x00000000f7000000,0x00000000f7b00000)
 ParOldGen       total 349696K, used 349694K [0x00000000e0000000, 0x00000000f5580000, 0x00000000f5580000)
  object space 349696K, 99% used [0x00000000e0000000,0x00000000f557fa10,0x00000000f5580000)
 Metaspace       used 56563K, committed 57344K, reserved 1105920K
  class space    used 5608K, committed 5952K, reserved 1048576K
}
Event: 1030.049 GC heap after
{Heap after GC invocations=847 (full 751):
 PSYoungGen      total 38400K, used 27135K [0x00000000f5580000, 0x00000000f8500000, 0x0000000100000000)
  eden space 27136K, 99% used [0x00000000f5580000,0x00000000f6fffdd8,0x00000000f7000000)
  from space 11264K, 0% used [0x00000000f7000000,0x00000000f7000000,0x00000000f7b00000)
  to   space 8192K, 0% used [0x00000000f7d00000,0x00000000f7d00000,0x00000000f8500000)
 ParOldGen       total 349696K, used 349693K [0x00000000e0000000, 0x00000000f5580000, 0x00000000f5580000)
  object space 349696K, 99% used [0x00000000e0000000,0x00000000f557f450,0x00000000f5580000)
 Metaspace       used 56563K, committed 57344K, reserved 1105920K
  class space    used 5608K, committed 5952K, reserved 1048576K
}
Event: 1030.049 GC heap before
{Heap before GC invocations=848 (full 752):
 PSYoungGen      total 38400K, used 27136K [0x00000000f5580000, 0x00000000f8500000, 0x0000000100000000)
  eden space 27136K, 100% used [0x00000000f5580000,0x00000000f7000000,0x00000000f7000000)
  from space 11264K, 0% used [0x00000000f7000000,0x00000000f7000000,0x00000000f7b00000)
  to   space 8192K, 0% used [0x00000000f7d00000,0x00000000f7d00000,0x00000000f8500000)
 ParOldGen       total 349696K, used 349693K [0x00000000e0000000, 0x00000000f5580000, 0x00000000f5580000)
  object space 349696K, 99% used [0x00000000e0000000,0x00000000f557f450,0x00000000f5580000)
 Metaspace       used 56563K, committed 57344K, reserved 1105920K
  class space    used 5608K, committed 5952K, reserved 1048576K
}
Event: 1031.163 GC heap after
{Heap after GC invocations=848 (full 752):
 PSYoungGen      total 35328K, used 27135K [0x00000000f5580000, 0x00000000f8500000, 0x0000000100000000)
  eden space 27136K, 99% used [0x00000000f5580000,0x00000000f6ffffe0,0x00000000f7000000)
  from space 8192K, 0% used [0x00000000f7d00000,0x00000000f7d00000,0x00000000f8500000)
  to   space 11264K, 0% used [0x00000000f7000000,0x00000000f7000000,0x00000000f7b00000)
 ParOldGen       total 349696K, used 349692K [0x00000000e0000000, 0x00000000f5580000, 0x00000000f5580000)
  object space 349696K, 99% used [0x00000000e0000000,0x00000000f557f360,0x00000000f5580000)
 Metaspace       used 56563K, committed 57344K, reserved 1105920K
  class space    used 5608K, committed 5952K, reserved 1048576K
}
Event: 1031.163 GC heap before
{Heap before GC invocations=849 (full 753):
 PSYoungGen      total 35328K, used 27136K [0x00000000f5580000, 0x00000000f8500000, 0x0000000100000000)
  eden space 27136K, 100% used [0x00000000f5580000,0x00000000f7000000,0x00000000f7000000)
  from space 8192K, 0% used [0x00000000f7d00000,0x00000000f7d00000,0x00000000f8500000)
  to   space 11264K, 0% used [0x00000000f7000000,0x00000000f7000000,0x00000000f7b00000)
 ParOldGen       total 349696K, used 349692K [0x00000000e0000000, 0x00000000f5580000, 0x00000000f5580000)
  object space 349696K, 99% used [0x00000000e0000000,0x00000000f557f360,0x00000000f5580000)
 Metaspace       used 56563K, committed 57344K, reserved 1105920K
  class space    used 5608K, committed 5952K, reserved 1048576K
}
Event: 1032.344 GC heap after
{Heap after GC invocations=849 (full 753):
 PSYoungGen      total 38400K, used 27136K [0x00000000f5580000, 0x00000000f8500000, 0x0000000100000000)
  eden space 27136K, 100% used [0x00000000f5580000,0x00000000f7000000,0x00000000f7000000)
  from space 11264K, 0% used [0x00000000f7000000,0x00000000f7000000,0x00000000f7b00000)
  to   space 8192K, 0% used [0x00000000f7d00000,0x00000000f7d00000,0x00000000f8500000)
 ParOldGen       total 349696K, used 349692K [0x00000000e0000000, 0x00000000f5580000, 0x00000000f5580000)
  object space 349696K, 99% used [0x00000000e0000000,0x00000000f557f360,0x00000000f5580000)
 Metaspace       used 56563K, committed 57344K, reserved 1105920K
  class space    used 5608K, committed 5952K, reserved 1048576K
}
Event: 1032.345 GC heap before
{Heap before GC invocations=850 (full 754):
 PSYoungGen      total 38400K, used 27136K [0x00000000f5580000, 0x00000000f8500000, 0x0000000100000000)
  eden space 27136K, 100% used [0x00000000f5580000,0x00000000f7000000,0x00000000f7000000)
  from space 11264K, 0% used [0x00000000f7000000,0x00000000f7000000,0x00000000f7b00000)
  to   space 8192K, 0% used [0x00000000f7d00000,0x00000000f7d00000,0x00000000f8500000)
 ParOldGen       total 349696K, used 349695K [0x00000000e0000000, 0x00000000f5580000, 0x00000000f5580000)
  object space 349696K, 99% used [0x00000000e0000000,0x00000000f557fc18,0x00000000f5580000)
 Metaspace       used 56563K, committed 57344K, reserved 1105920K
  class space    used 5608K, committed 5952K, reserved 1048576K
}
Event: 1033.372 GC heap after
{Heap after GC invocations=850 (full 754):
 PSYoungGen      total 35328K, used 27135K [0x00000000f5580000, 0x00000000f8500000, 0x0000000100000000)
  eden space 27136K, 99% used [0x00000000f5580000,0x00000000f6ffff48,0x00000000f7000000)
  from space 8192K, 0% used [0x00000000f7d00000,0x00000000f7d00000,0x00000000f8500000)
  to   space 11264K, 0% used [0x00000000f7000000,0x00000000f7000000,0x00000000f7b00000)
 ParOldGen       total 349696K, used 349693K [0x00000000e0000000, 0x00000000f5580000, 0x00000000f5580000)
  object space 349696K, 99% used [0x00000000e0000000,0x00000000f557f778,0x00000000f5580000)
 Metaspace       used 56563K, committed 57344K, reserved 1105920K
  class space    used 5608K, committed 5952K, reserved 1048576K
}
Event: 1033.372 GC heap before
{Heap before GC invocations=851 (full 755):
 PSYoungGen      total 35328K, used 27135K [0x00000000f5580000, 0x00000000f8500000, 0x0000000100000000)
  eden space 27136K, 99% used [0x00000000f5580000,0x00000000f6fffff8,0x00000000f7000000)
  from space 8192K, 0% used [0x00000000f7d00000,0x00000000f7d00000,0x00000000f8500000)
  to   space 11264K, 0% used [0x00000000f7000000,0x00000000f7000000,0x00000000f7b00000)
 ParOldGen       total 349696K, used 349693K [0x00000000e0000000, 0x00000000f5580000, 0x00000000f5580000)
  object space 349696K, 99% used [0x00000000e0000000,0x00000000f557f778,0x00000000f5580000)
 Metaspace       used 56563K, committed 57344K, reserved 1105920K
  class space    used 5608K, committed 5952K, reserved 1048576K
}
Event: 1034.539 GC heap after
{Heap after GC invocations=851 (full 755):
 PSYoungGen      total 38400K, used 27135K [0x00000000f5580000, 0x00000000f8500000, 0x0000000100000000)
  eden space 27136K, 99% used [0x00000000f5580000,0x00000000f6ffff68,0x00000000f7000000)
  from space 11264K, 0% used [0x00000000f7000000,0x00000000f7000000,0x00000000f7b00000)
  to   space 8192K, 0% used [0x00000000f7d00000,0x00000000f7d00000,0x00000000f8500000)
 ParOldGen       total 349696K, used 349693K [0x00000000e0000000, 0x00000000f5580000, 0x00000000f5580000)
  object space 349696K, 99% used [0x00000000e0000000,0x00000000f557f758,0x00000000f5580000)
 Metaspace       used 56563K, committed 57344K, reserved 1105920K
  class space    used 5608K, committed 5952K, reserved 1048576K
}
Event: 1034.544 GC heap before
{Heap before GC invocations=852 (full 756):
 PSYoungGen      total 38400K, used 27135K [0x00000000f5580000, 0x00000000f8500000, 0x0000000100000000)
  eden space 27136K, 99% used [0x00000000f5580000,0x00000000f6fffff8,0x00000000f7000000)
  from space 11264K, 0% used [0x00000000f7000000,0x00000000f7000000,0x00000000f7b00000)
  to   space 8192K, 0% used [0x00000000f7d00000,0x00000000f7d00000,0x00000000f8500000)
 ParOldGen       total 349696K, used 349693K [0x00000000e0000000, 0x00000000f5580000, 0x00000000f5580000)
  object space 349696K, 99% used [0x00000000e0000000,0x00000000f557f758,0x00000000f5580000)
 Metaspace       used 56565K, committed 57344K, reserved 1105920K
  class space    used 5608K, committed 5952K, reserved 1048576K
}
Event: 1035.738 GC heap after
{Heap after GC invocations=852 (full 756):
 PSYoungGen      total 35328K, used 27135K [0x00000000f5580000, 0x00000000f8500000, 0x0000000100000000)
  eden space 27136K, 99% used [0x00000000f5580000,0x00000000f6ffff98,0x00000000f7000000)
  from space 8192K, 0% used [0x00000000f7d00000,0x00000000f7d00000,0x00000000f8500000)
  to   space 11264K, 0% used [0x00000000f7000000,0x00000000f7000000,0x00000000f7b00000)
 ParOldGen       total 349696K, used 349693K [0x00000000e0000000, 0x00000000f5580000, 0x00000000f5580000)
  object space 349696K, 99% used [0x00000000e0000000,0x00000000f557f758,0x00000000f5580000)
 Metaspace       used 56565K, committed 57344K, reserved 1105920K
  class space    used 5608K, committed 5952K, reserved 1048576K
}
Event: 1035.738 GC heap before
{Heap before GC invocations=853 (full 757):
 PSYoungGen      total 35328K, used 27135K [0x00000000f5580000, 0x00000000f8500000, 0x0000000100000000)
  eden space 27136K, 99% used [0x00000000f5580000,0x00000000f6ffff98,0x00000000f7000000)
  from space 8192K, 0% used [0x00000000f7d00000,0x00000000f7d00000,0x00000000f8500000)
  to   space 11264K, 0% used [0x00000000f7000000,0x00000000f7000000,0x00000000f7b00000)
 ParOldGen       total 349696K, used 349693K [0x00000000e0000000, 0x00000000f5580000, 0x00000000f5580000)
  object space 349696K, 99% used [0x00000000e0000000,0x00000000f557f758,0x00000000f5580000)
 Metaspace       used 56565K, committed 57344K, reserved 1105920K
  class space    used 5608K, committed 5952K, reserved 1048576K
}
Event: 1036.951 GC heap after
{Heap after GC invocations=853 (full 757):
 PSYoungGen      total 38400K, used 27135K [0x00000000f5580000, 0x00000000f8500000, 0x0000000100000000)
  eden space 27136K, 99% used [0x00000000f5580000,0x00000000f6ffff98,0x00000000f7000000)
  from space 11264K, 0% used [0x00000000f7000000,0x00000000f7000000,0x00000000f7b00000)
  to   space 8192K, 0% used [0x00000000f7d00000,0x00000000f7d00000,0x00000000f8500000)
 ParOldGen       total 349696K, used 349693K [0x00000000e0000000, 0x00000000f5580000, 0x00000000f5580000)
  object space 349696K, 99% used [0x00000000e0000000,0x00000000f557f758,0x00000000f5580000)
 Metaspace       used 56565K, committed 57344K, reserved 1105920K
  class space    used 5608K, committed 5952K, reserved 1048576K
}

